{"I:\\password-generator-node\\node-password-generator-group\\public\\utils.js": {"path":"I:\\password-generator-node\\node-password-generator-group\\public\\utils.js","statementMap":{"0":{"start":{"line":6,"column":28},"end":{"line":6,"column":85}},"1":{"start":{"line":7,"column":31},"end":{"line":7,"column":91}},"2":{"start":{"line":8,"column":30},"end":{"line":8,"column":95}},"3":{"start":{"line":9,"column":29},"end":{"line":9,"column":80}},"4":{"start":{"line":11,"column":4},"end":{"line":17,"column":5}},"5":{"start":{"line":26,"column":25},"end":{"line":26,"column":49}},"6":{"start":{"line":29,"column":29},"end":{"line":29,"column":46}},"7":{"start":{"line":31,"column":27},"end":{"line":31,"column":62}},"8":{"start":{"line":34,"column":17},"end":{"line":34,"column":52}},"9":{"start":{"line":35,"column":21},"end":{"line":35,"column":56}},"10":{"start":{"line":38,"column":29},"end":{"line":38,"column":89}},"11":{"start":{"line":41,"column":35},"end":{"line":41,"column":37}},"12":{"start":{"line":43,"column":4},"end":{"line":46,"column":5}},"13":{"start":{"line":43,"column":20},"end":{"line":43,"column":21}},"14":{"start":{"line":44,"column":23},"end":{"line":44,"column":80}},"15":{"start":{"line":45,"column":8},"end":{"line":45,"column":44}},"16":{"start":{"line":48,"column":4},"end":{"line":48,"column":67}},"17":{"start":{"line":48,"column":48},"end":{"line":48,"column":65}},"18":{"start":{"line":55,"column":24},"end":{"line":55,"column":34}},"19":{"start":{"line":58,"column":23},"end":{"line":58,"column":101}},"20":{"start":{"line":59,"column":25},"end":{"line":59,"column":147}},"21":{"start":{"line":60,"column":26},"end":{"line":60,"column":129}},"22":{"start":{"line":63,"column":18},"end":{"line":63,"column":40}},"23":{"start":{"line":64,"column":20},"end":{"line":64,"column":44}},"24":{"start":{"line":65,"column":17},"end":{"line":65,"column":42}},"25":{"start":{"line":66,"column":27},"end":{"line":66,"column":61}},"26":{"start":{"line":67,"column":29},"end":{"line":67,"column":67}},"27":{"start":{"line":68,"column":26},"end":{"line":68,"column":73}},"28":{"start":{"line":72,"column":4},"end":{"line":72,"column":63}},"29":{"start":{"line":73,"column":4},"end":{"line":76,"column":6}},"30":{"start":{"line":81,"column":19},"end":{"line":81,"column":73}},"31":{"start":{"line":82,"column":19},"end":{"line":82,"column":73}},"32":{"start":{"line":84,"column":4},"end":{"line":84,"column":42}},"33":{"start":{"line":85,"column":4},"end":{"line":85,"column":42}},"34":{"start":{"line":87,"column":4},"end":{"line":87,"column":28}},"35":{"start":{"line":95,"column":21},"end":{"line":95,"column":45}},"36":{"start":{"line":96,"column":4},"end":{"line":96,"column":26}},"37":{"start":{"line":98,"column":4},"end":{"line":115,"column":5}},"38":{"start":{"line":101,"column":30},"end":{"line":101,"column":86}},"39":{"start":{"line":102,"column":12},"end":{"line":102,"column":80}},"40":{"start":{"line":103,"column":12},"end":{"line":103,"column":18}},"41":{"start":{"line":105,"column":31},"end":{"line":105,"column":83}},"42":{"start":{"line":106,"column":12},"end":{"line":106,"column":77}},"43":{"start":{"line":107,"column":12},"end":{"line":107,"column":18}},"44":{"start":{"line":109,"column":31},"end":{"line":109,"column":83}},"45":{"start":{"line":110,"column":12},"end":{"line":110,"column":77}},"46":{"start":{"line":111,"column":12},"end":{"line":111,"column":18}},"47":{"start":{"line":113,"column":12},"end":{"line":113,"column":53}},"48":{"start":{"line":123,"column":24},"end":{"line":123,"column":44}},"49":{"start":{"line":126,"column":4},"end":{"line":126,"column":45}},"50":{"start":{"line":132,"column":4},"end":{"line":132,"column":46}},"51":{"start":{"line":133,"column":21},"end":{"line":133,"column":50}},"52":{"start":{"line":135,"column":4},"end":{"line":135,"column":46}},"53":{"start":{"line":139,"column":4},"end":{"line":141,"column":5}},"54":{"start":{"line":140,"column":8},"end":{"line":140,"column":18}},"55":{"start":{"line":143,"column":4},"end":{"line":150,"column":5}},"56":{"start":{"line":144,"column":21},"end":{"line":144,"column":41}},"57":{"start":{"line":145,"column":8},"end":{"line":145,"column":20}},"58":{"start":{"line":148,"column":8},"end":{"line":148,"column":76}},"59":{"start":{"line":149,"column":8},"end":{"line":149,"column":18}},"60":{"start":{"line":155,"column":4},"end":{"line":159,"column":5}},"61":{"start":{"line":157,"column":8},"end":{"line":157,"column":38}},"62":{"start":{"line":158,"column":8},"end":{"line":158,"column":14}},"63":{"start":{"line":161,"column":22},"end":{"line":161,"column":71}},"64":{"start":{"line":163,"column":4},"end":{"line":182,"column":5}},"65":{"start":{"line":163,"column":17},"end":{"line":163,"column":18}},"66":{"start":{"line":165,"column":29},"end":{"line":165,"column":58}},"67":{"start":{"line":166,"column":8},"end":{"line":166,"column":48}},"68":{"start":{"line":167,"column":8},"end":{"line":167,"column":53}},"69":{"start":{"line":168,"column":8},"end":{"line":168,"column":37}},"70":{"start":{"line":169,"column":8},"end":{"line":169,"column":44}},"71":{"start":{"line":171,"column":30},"end":{"line":171,"column":59}},"72":{"start":{"line":172,"column":8},"end":{"line":172,"column":49}},"73":{"start":{"line":173,"column":8},"end":{"line":173,"column":55}},"74":{"start":{"line":175,"column":8},"end":{"line":178,"column":9}},"75":{"start":{"line":176,"column":12},"end":{"line":176,"column":58}},"76":{"start":{"line":179,"column":8},"end":{"line":179,"column":73}},"77":{"start":{"line":180,"column":8},"end":{"line":180,"column":45}},"78":{"start":{"line":187,"column":4},"end":{"line":191,"column":5}},"79":{"start":{"line":189,"column":8},"end":{"line":189,"column":38}},"80":{"start":{"line":190,"column":8},"end":{"line":190,"column":15}},"81":{"start":{"line":193,"column":23},"end":{"line":196,"column":7}},"82":{"start":{"line":198,"column":4},"end":{"line":202,"column":6}},"83":{"start":{"line":200,"column":8},"end":{"line":200,"column":47}},"84":{"start":{"line":201,"column":8},"end":{"line":201,"column":39}},"85":{"start":{"line":204,"column":4},"end":{"line":204,"column":22}},"86":{"start":{"line":209,"column":4},"end":{"line":209,"column":22}},"87":{"start":{"line":211,"column":4},"end":{"line":215,"column":5}},"88":{"start":{"line":213,"column":8},"end":{"line":213,"column":46}},"89":{"start":{"line":214,"column":8},"end":{"line":214,"column":15}},"90":{"start":{"line":217,"column":31},"end":{"line":217,"column":42}},"91":{"start":{"line":218,"column":31},"end":{"line":218,"column":52}},"92":{"start":{"line":219,"column":32},"end":{"line":219,"column":56}},"93":{"start":{"line":221,"column":27},"end":{"line":221,"column":72}},"94":{"start":{"line":222,"column":4},"end":{"line":222,"column":94}},"95":{"start":{"line":224,"column":24},"end":{"line":224,"column":78}},"96":{"start":{"line":225,"column":4},"end":{"line":225,"column":45}},"97":{"start":{"line":231,"column":4},"end":{"line":236,"column":5}},"98":{"start":{"line":233,"column":8},"end":{"line":233,"column":42}},"99":{"start":{"line":234,"column":8},"end":{"line":234,"column":14}},"100":{"start":{"line":238,"column":16},"end":{"line":238,"column":50}},"101":{"start":{"line":240,"column":4},"end":{"line":257,"column":7}},"102":{"start":{"line":262,"column":26},"end":{"line":262,"column":78}},"103":{"start":{"line":263,"column":31},"end":{"line":263,"column":89}},"104":{"start":{"line":265,"column":4},"end":{"line":265,"column":36}},"105":{"start":{"line":266,"column":4},"end":{"line":266,"column":21}},"106":{"start":{"line":267,"column":4},"end":{"line":267,"column":35}},"107":{"start":{"line":269,"column":4},"end":{"line":282,"column":5}},"108":{"start":{"line":271,"column":8},"end":{"line":271,"column":50}},"109":{"start":{"line":272,"column":8},"end":{"line":272,"column":34}},"110":{"start":{"line":273,"column":8},"end":{"line":273,"column":39}},"111":{"start":{"line":275,"column":8},"end":{"line":275,"column":45}},"112":{"start":{"line":276,"column":8},"end":{"line":276,"column":50}},"113":{"start":{"line":278,"column":8},"end":{"line":278,"column":50}},"114":{"start":{"line":279,"column":8},"end":{"line":279,"column":15}},"115":{"start":{"line":284,"column":4},"end":{"line":284,"column":11}},"116":{"start":{"line":291,"column":4},"end":{"line":291,"column":31}},"117":{"start":{"line":312,"column":0},"end":{"line":326,"column":1}}},"fnMap":{"0":{"name":"getCurrentInputs","decl":{"start":{"line":3,"column":9},"end":{"line":3,"column":25}},"loc":{"start":{"line":3,"column":28},"end":{"line":22,"column":1}},"line":3},"1":{"name":"calculateCompoundInterest","decl":{"start":{"line":24,"column":9},"end":{"line":24,"column":34}},"loc":{"start":{"line":24,"column":109},"end":{"line":50,"column":1}},"line":24},"2":{"name":"(anonymous_2)","decl":{"start":{"line":48,"column":38},"end":{"line":48,"column":39}},"loc":{"start":{"line":48,"column":48},"end":{"line":48,"column":65}},"line":48},"3":{"name":"getCurrentDateAndTime","decl":{"start":{"line":54,"column":9},"end":{"line":54,"column":30}},"loc":{"start":{"line":54,"column":33},"end":{"line":77,"column":1}},"line":54},"4":{"name":"setCurrentDateAndTime","decl":{"start":{"line":79,"column":9},"end":{"line":79,"column":30}},"loc":{"start":{"line":79,"column":44},"end":{"line":91,"column":1}},"line":79},"5":{"name":"setNavActive","decl":{"start":{"line":93,"column":9},"end":{"line":93,"column":21}},"loc":{"start":{"line":93,"column":24},"end":{"line":118,"column":1}},"line":93},"6":{"name":"storeToLocalStorage","decl":{"start":{"line":120,"column":9},"end":{"line":120,"column":28}},"loc":{"start":{"line":120,"column":42},"end":{"line":128,"column":1}},"line":120},"7":{"name":"getFromLocalStorage","decl":{"start":{"line":130,"column":9},"end":{"line":130,"column":28}},"loc":{"start":{"line":130,"column":38},"end":{"line":151,"column":1}},"line":130},"8":{"name":"populateGrid","decl":{"start":{"line":153,"column":9},"end":{"line":153,"column":21}},"loc":{"start":{"line":153,"column":42},"end":{"line":183,"column":1}},"line":153},"9":{"name":"mapObjectToGraph","decl":{"start":{"line":185,"column":9},"end":{"line":185,"column":25}},"loc":{"start":{"line":185,"column":31},"end":{"line":205,"column":1}},"line":185},"10":{"name":"(anonymous_10)","decl":{"start":{"line":198,"column":13},"end":{"line":198,"column":14}},"loc":{"start":{"line":198,"column":33},"end":{"line":202,"column":5}},"line":198},"11":{"name":"setFinalBalance","decl":{"start":{"line":207,"column":9},"end":{"line":207,"column":24}},"loc":{"start":{"line":207,"column":61},"end":{"line":227,"column":1}},"line":207},"12":{"name":"populateGraph","decl":{"start":{"line":229,"column":9},"end":{"line":229,"column":22}},"loc":{"start":{"line":229,"column":37},"end":{"line":258,"column":1}},"line":229},"13":{"name":"showContent","decl":{"start":{"line":260,"column":9},"end":{"line":260,"column":20}},"loc":{"start":{"line":260,"column":26},"end":{"line":287,"column":1}},"line":260},"14":{"name":"clearLocalStorage","decl":{"start":{"line":289,"column":9},"end":{"line":289,"column":26}},"loc":{"start":{"line":289,"column":28},"end":{"line":292,"column":1}},"line":289}},"branchMap":{"0":{"loc":{"start":{"line":65,"column":17},"end":{"line":65,"column":42}},"type":"cond-expr","locations":[{"start":{"line":65,"column":31},"end":{"line":65,"column":35}},{"start":{"line":65,"column":38},"end":{"line":65,"column":42}}],"line":65},"1":{"loc":{"start":{"line":66,"column":27},"end":{"line":66,"column":61}},"type":"cond-expr","locations":[{"start":{"line":66,"column":46},"end":{"line":66,"column":48}},{"start":{"line":66,"column":51},"end":{"line":66,"column":61}}],"line":66},"2":{"loc":{"start":{"line":67,"column":29},"end":{"line":67,"column":67}},"type":"cond-expr","locations":[{"start":{"line":67,"column":44},"end":{"line":67,"column":57}},{"start":{"line":67,"column":60},"end":{"line":67,"column":67}}],"line":67},"3":{"loc":{"start":{"line":98,"column":4},"end":{"line":115,"column":5}},"type":"switch","locations":[{"start":{"line":100,"column":8},"end":{"line":103,"column":18}},{"start":{"line":104,"column":8},"end":{"line":107,"column":18}},{"start":{"line":108,"column":8},"end":{"line":111,"column":18}},{"start":{"line":112,"column":8},"end":{"line":113,"column":53}}],"line":98},"4":{"loc":{"start":{"line":139,"column":4},"end":{"line":141,"column":5}},"type":"if","locations":[{"start":{"line":139,"column":4},"end":{"line":141,"column":5}},{"start":{},"end":{}}],"line":139},"5":{"loc":{"start":{"line":155,"column":4},"end":{"line":159,"column":5}},"type":"if","locations":[{"start":{"line":155,"column":4},"end":{"line":159,"column":5}},{"start":{},"end":{}}],"line":155},"6":{"loc":{"start":{"line":155,"column":7},"end":{"line":155,"column":42}},"type":"binary-expr","locations":[{"start":{"line":155,"column":7},"end":{"line":155,"column":20}},{"start":{"line":155,"column":24},"end":{"line":155,"column":42}}],"line":155},"7":{"loc":{"start":{"line":175,"column":8},"end":{"line":178,"column":9}},"type":"if","locations":[{"start":{"line":175,"column":8},"end":{"line":178,"column":9}},{"start":{},"end":{}}],"line":175},"8":{"loc":{"start":{"line":187,"column":4},"end":{"line":191,"column":5}},"type":"if","locations":[{"start":{"line":187,"column":4},"end":{"line":191,"column":5}},{"start":{},"end":{}}],"line":187},"9":{"loc":{"start":{"line":187,"column":7},"end":{"line":187,"column":42}},"type":"binary-expr","locations":[{"start":{"line":187,"column":7},"end":{"line":187,"column":20}},{"start":{"line":187,"column":24},"end":{"line":187,"column":42}}],"line":187},"10":{"loc":{"start":{"line":211,"column":4},"end":{"line":215,"column":5}},"type":"if","locations":[{"start":{"line":211,"column":4},"end":{"line":215,"column":5}},{"start":{},"end":{}}],"line":211},"11":{"loc":{"start":{"line":211,"column":7},"end":{"line":211,"column":79}},"type":"binary-expr","locations":[{"start":{"line":211,"column":7},"end":{"line":211,"column":25}},{"start":{"line":211,"column":29},"end":{"line":211,"column":42}},{"start":{"line":211,"column":46},"end":{"line":211,"column":58}},{"start":{"line":211,"column":62},"end":{"line":211,"column":79}}],"line":211},"12":{"loc":{"start":{"line":231,"column":4},"end":{"line":236,"column":5}},"type":"if","locations":[{"start":{"line":231,"column":4},"end":{"line":236,"column":5}},{"start":{},"end":{}}],"line":231},"13":{"loc":{"start":{"line":231,"column":7},"end":{"line":231,"column":60}},"type":"binary-expr","locations":[{"start":{"line":231,"column":7},"end":{"line":231,"column":29}},{"start":{"line":231,"column":33},"end":{"line":231,"column":60}}],"line":231},"14":{"loc":{"start":{"line":269,"column":4},"end":{"line":282,"column":5}},"type":"if","locations":[{"start":{"line":269,"column":4},"end":{"line":282,"column":5}},{"start":{},"end":{}}],"line":269},"15":{"loc":{"start":{"line":269,"column":8},"end":{"line":269,"column":64}},"type":"binary-expr","locations":[{"start":{"line":269,"column":8},"end":{"line":269,"column":21}},{"start":{"line":269,"column":25},"end":{"line":269,"column":43}},{"start":{"line":269,"column":47},"end":{"line":269,"column":64}}],"line":269}},"s":{"0":0,"1":0,"2":0,"3":0,"4":0,"5":4,"6":4,"7":4,"8":4,"9":4,"10":4,"11":4,"12":4,"13":4,"14":22,"15":22,"16":4,"17":22,"18":0,"19":0,"20":0,"21":0,"22":0,"23":0,"24":0,"25":0,"26":0,"27":0,"28":0,"29":0,"30":0,"31":0,"32":0,"33":0,"34":0,"35":0,"36":0,"37":0,"38":0,"39":0,"40":0,"41":0,"42":0,"43":0,"44":0,"45":0,"46":0,"47":0,"48":0,"49":0,"50":0,"51":0,"52":0,"53":0,"54":0,"55":0,"56":0,"57":0,"58":0,"59":0,"60":0,"61":0,"62":0,"63":0,"64":0,"65":0,"66":0,"67":0,"68":0,"69":0,"70":0,"71":0,"72":0,"73":0,"74":0,"75":0,"76":0,"77":0,"78":0,"79":0,"80":0,"81":0,"82":0,"83":0,"84":0,"85":0,"86":0,"87":0,"88":0,"89":0,"90":0,"91":0,"92":0,"93":0,"94":0,"95":0,"96":0,"97":0,"98":0,"99":0,"100":0,"101":0,"102":0,"103":0,"104":0,"105":0,"106":0,"107":0,"108":0,"109":0,"110":0,"111":0,"112":0,"113":0,"114":0,"115":0,"116":0,"117":1},"f":{"0":0,"1":4,"2":22,"3":0,"4":0,"5":0,"6":0,"7":0,"8":0,"9":0,"10":0,"11":0,"12":0,"13":0,"14":0},"b":{"0":[0,0],"1":[0,0],"2":[0,0],"3":[0,0,0,0],"4":[0,0],"5":[0,0],"6":[0,0],"7":[0,0],"8":[0,0],"9":[0,0],"10":[0,0],"11":[0,0,0,0],"12":[0,0],"13":[0,0],"14":[0,0],"15":[0,0,0]},"_coverageSchema":"1a1c01bbd47fc00a2c39e90264f33305004495a9","hash":"a14caf3997874ed23cc6e2fbddc2aa01eda10469"}
}
