TN:
SF:public\utils.js
FN:3,getCurrentInputs
FN:24,calculateCompoundInterest
FN:48,(anonymous_2)
FN:54,getCurrentDateAndTime
FN:79,setCurrentDateAndTime
FN:93,setNavActive
FN:120,storeToLocalStorage
FN:130,getFromLocalStorage
FN:153,populateGrid
FN:185,mapObjectToGraph
FN:198,(anonymous_10)
FN:207,setFinalBalance
FN:229,populateGraph
FN:260,showContent
FN:289,clearLocalStorage
FNF:15
FNH:2
FNDA:0,getCurrentInputs
FNDA:4,calculateCompoundInterest
FNDA:22,(anonymous_2)
FNDA:0,getCurrentDateAndTime
FNDA:0,setCurrentDateAndTime
FNDA:0,setNavActive
FNDA:0,storeToLocalStorage
FNDA:0,getFromLocalStorage
FNDA:0,populateGrid
FNDA:0,mapObjectToGraph
FNDA:0,(anonymous_10)
FNDA:0,setFinalBalance
FNDA:0,populateGraph
FNDA:0,showContent
FNDA:0,clearLocalStorage
DA:6,0
DA:7,0
DA:8,0
DA:9,0
DA:11,0
DA:26,4
DA:29,4
DA:31,4
DA:34,4
DA:35,4
DA:38,4
DA:41,4
DA:43,4
DA:44,22
DA:45,22
DA:48,22
DA:55,0
DA:58,0
DA:59,0
DA:60,0
DA:63,0
DA:64,0
DA:65,0
DA:66,0
DA:67,0
DA:68,0
DA:72,0
DA:73,0
DA:81,0
DA:82,0
DA:84,0
DA:85,0
DA:87,0
DA:95,0
DA:96,0
DA:98,0
DA:101,0
DA:102,0
DA:103,0
DA:105,0
DA:106,0
DA:107,0
DA:109,0
DA:110,0
DA:111,0
DA:113,0
DA:123,0
DA:126,0
DA:132,0
DA:133,0
DA:135,0
DA:139,0
DA:140,0
DA:143,0
DA:144,0
DA:145,0
DA:148,0
DA:149,0
DA:155,0
DA:157,0
DA:158,0
DA:161,0
DA:163,0
DA:165,0
DA:166,0
DA:167,0
DA:168,0
DA:169,0
DA:171,0
DA:172,0
DA:173,0
DA:175,0
DA:176,0
DA:179,0
DA:180,0
DA:187,0
DA:189,0
DA:190,0
DA:193,0
DA:198,0
DA:200,0
DA:201,0
DA:204,0
DA:209,0
DA:211,0
DA:213,0
DA:214,0
DA:217,0
DA:218,0
DA:219,0
DA:221,0
DA:222,0
DA:224,0
DA:225,0
DA:231,0
DA:233,0
DA:234,0
DA:238,0
DA:240,0
DA:262,0
DA:263,0
DA:265,0
DA:266,0
DA:267,0
DA:269,0
DA:271,0
DA:272,0
DA:273,0
DA:275,0
DA:276,0
DA:278,0
DA:279,0
DA:284,0
DA:291,0
DA:312,1
LF:115
LH:12
BRDA:65,0,0,0
BRDA:65,0,1,0
BRDA:66,1,0,0
BRDA:66,1,1,0
BRDA:67,2,0,0
BRDA:67,2,1,0
BRDA:98,3,0,0
BRDA:98,3,1,0
BRDA:98,3,2,0
BRDA:98,3,3,0
BRDA:139,4,0,0
BRDA:139,4,1,0
BRDA:155,5,0,0
BRDA:155,5,1,0
BRDA:155,6,0,0
BRDA:155,6,1,0
BRDA:175,7,0,0
BRDA:175,7,1,0
BRDA:187,8,0,0
BRDA:187,8,1,0
BRDA:187,9,0,0
BRDA:187,9,1,0
BRDA:211,10,0,0
BRDA:211,10,1,0
BRDA:211,11,0,0
BRDA:211,11,1,0
BRDA:211,11,2,0
BRDA:211,11,3,0
BRDA:231,12,0,0
BRDA:231,12,1,0
BRDA:231,13,0,0
BRDA:231,13,1,0
BRDA:269,14,0,0
BRDA:269,14,1,0
BRDA:269,15,0,0
BRDA:269,15,1,0
BRDA:269,15,2,0
BRF:37
BRH:0
end_of_record
